<?xml version="1.0" encoding="UTF-8"?>
<!-- Generated by org.testng.reporters.JUnitReportReporter -->
<testsuite skipped="0" hostname="LAPTOP-HHN7D2TC" name="com.ebanking.master.Grid" tests="1" failures="0" timestamp="2021-11-02T17:13:59 IST" time="33.679" errors="0">
  <testcase name="Gd" time="33.679" classname="com.ebanking.master.Grid"/>
</testsuite> <!-- com.ebanking.master.Grid -->
