<?xml version="1.0" encoding="UTF-8"?>
<!-- Generated by org.testng.reporters.JUnitReportReporter -->
<testsuite skipped="0" hostname="LAPTOP-HHN7D2TC" name="com.ebanking.master.Exepom" tests="3" failures="0" timestamp="2021-10-25T16:40:17 IST" time="34.460" errors="0">
  <testcase name="Rcreation" time="11.489" classname="com.ebanking.master.Exepom"/>
  <testcase name="Rcreation" time="11.963" classname="com.ebanking.master.Exepom"/>
  <testcase name="Rcreation" time="11.008" classname="com.ebanking.master.Exepom"/>
</testsuite> <!-- com.ebanking.master.Exepom -->
