<?xml version="1.0" encoding="UTF-8"?>
<!-- Generated by org.testng.reporters.JUnitReportReporter -->
<testsuite skipped="0" hostname="LAPTOP-HHN7D2TC" name="com.ebanking.scripts.Sample" tests="2" failures="0" timestamp="2021-10-20T16:26:44 IST" time="34.348" errors="0">
  <testcase name="abc" time="17.850" classname="com.ebanking.scripts.Sample"/>
  <testcase name="bcd" time="16.498" classname="com.ebanking.scripts.Sample"/>
</testsuite> <!-- com.ebanking.scripts.Sample -->
